<?xml version="1.0" encoding="UTF-8"?>
<testsuite name="org.example.NameTest" tests="7" skipped="0" failures="0" errors="0" timestamp="2023-09-11T18:19:24" hostname="konanani-Latitude-5420" time="0.04">
  <properties/>
  <testcase name="testValidday()" classname="org.example.NameTest" time="0.018"/>
  <testcase name="testgetNxtlectTime()" classname="org.example.NameTest" time="0.005"/>
  <testcase name="testValidname()" classname="org.example.NameTest" time="0.005"/>
  <testcase name="testaddTimeOccupied()" classname="org.example.NameTest" time="0.001"/>
  <testcase name="testisdayTimeTaken()" classname="org.example.NameTest" time="0.001"/>
  <testcase name="testsetOccupied()" classname="org.example.NameTest" time="0.0"/>
  <testcase name="testgetTheHour()" classname="org.example.NameTest" time="0.001"/>
  <system-out><![CDATA[]]></system-out>
  <system-err><![CDATA[]]></system-err>
</testsuite>
